[0KRunning with gitlab-runner 18.6.6 (df85dadf)[0;m
[0K  on terraform-runner WxDbbuFJW, system ID: r_pjiJOk8EGucG[0;m
section_start:1766354783:prepare_executor
[0K[0K[36;1mPreparing the "docker" executor[0;m[0;m
[0KUsing Docker executor with image alpine:latest ...[0;m
[0KUsing effective pull policy of [always] for container alpine:latest[0;m
[0KPulling docker image alpine:latest ...[0;m
[0KUsing docker image sha256:e7b39c54cdeca0d2aae83114bb605753a5f5bc511fe8be7590e38f6d9f915dad for alpine:latest with digest alpine@sha256:865b95f46d98cf867a156fe4a135ad3fe50d2056aa3f25ed31662dff6da4eb62 ...[0;m
section_end:1766354786:prepare_executor
[0Ksection_start:1766354786:prepare_script
[0K[0K[36;1mPreparing environment[0;m[0;m
[0KUsing effective pull policy of [always] for container sha256:bb3a6cd525fa7879a78e4677081ab9c7ab7a6daac5327d4fd8054e9e1af8a07a[0;m
Running on runner-wxdbbufjw-project-1-concurrent-0 via gigant...
section_end:1766354786:prepare_script
[0Ksection_start:1766354786:get_sources
[0K[0K[36;1mGetting source from Git repository[0;m[0;m
[32;1mGitaly correlation ID: 01KD1F62WENQSCY3QD7PFKHFV4[0;m
[32;1mFetching changes with git depth set to 20...[0;m
Reinitialized existing Git repository in /builds/root/architecture-future_2_0/.git/
[32;1mCreated fresh repository.[0;m
[32;1mChecking out 706f74f4 as detached HEAD (ref is terraform)...[0;m
Removing task_2_stage_saved_in_s3/terraform/environments/dev-1/terraform.tfstate
Removing task_2_stage_saved_in_s3/terraform/environments/dev-2/terraform.tfstate

[32;1mSkipping Git submodules setup[0;m
section_end:1766354787:get_sources
[0Ksection_start:1766354787:download_artifacts
[0K[0K[36;1mDownloading artifacts[0;m[0;m
[32;1mDownloading artifacts for terraform_apply (12)...[0;m
Downloading artifacts from coordinator... ok      [0;m  correlation_id[0;m=01KD1F6702HNA2PFCSPJ3BG783 host[0;m=localhost:8929 id[0;m=12 responseStatus[0;m=200 OK token[0;m=64_-bk8zE
section_end:1766354787:download_artifacts
[0Ksection_start:1766354787:step_script
[0K[0K[36;1mExecuting "step_script" stage of the job script[0;m[0;m
[0KUsing effective pull policy of [always] for container alpine:latest[0;m
[0KUsing docker image sha256:e7b39c54cdeca0d2aae83114bb605753a5f5bc511fe8be7590e38f6d9f915dad for alpine:latest with digest alpine@sha256:865b95f46d98cf867a156fe4a135ad3fe50d2056aa3f25ed31662dff6da4eb62 ...[0;m
[32;1m$ apk add --no-cache jq aws-cli[0;m
( 1/66) Installing libbz2 (1.0.8-r6)
( 2/66) Installing libexpat (2.7.3-r0)
( 3/66) Installing libffi (3.5.2-r0)
( 4/66) Installing gdbm (1.26-r0)
( 5/66) Installing xz-libs (5.8.1-r0)
( 6/66) Installing libgcc (15.2.0-r2)
( 7/66) Installing libstdc++ (15.2.0-r2)
( 8/66) Installing mpdecimal (4.0.1-r0)
( 9/66) Installing ncurses-terminfo-base (6.5_p20251123-r0)
(10/66) Installing libncursesw (6.5_p20251123-r0)
(11/66) Installing libpanelw (6.5_p20251123-r0)
(12/66) Installing readline (8.3.1-r0)
(13/66) Installing sqlite-libs (3.51.1-r0)
(14/66) Installing python3 (3.12.12-r0)
(15/66) Installing python3-pycache-pyc0 (3.12.12-r0)
(16/66) Installing pyc (3.12.12-r0)
(17/66) Installing aws-cli-pyc (2.32.7-r0)
(18/66) Installing py3-awscrt-pyc (0.29.1-r0)
(19/66) Installing python3-pyc (3.12.12-r0)
(20/66) Installing aws-c-common (0.12.6-r0)
(21/66) Installing aws-c-cal (0.9.13-r0)
(22/66) Installing aws-c-compression (0.3.1-r1)
(23/66) Installing s2n-tls (1.6.1-r0)
(24/66) Installing aws-c-io (0.23.3-r0)
(25/66) Installing aws-c-http (0.10.7-r0)
(26/66) Installing aws-c-sdkutils (0.2.4-r1)
(27/66) Installing aws-c-auth (0.9.3-r0)
(28/66) Installing aws-checksums (0.2.7-r1)
(29/66) Installing aws-c-event-stream (0.5.7-r1)
(30/66) Installing aws-c-mqtt (0.13.3-r1)
(31/66) Installing aws-c-s3 (0.11.2-r0)
(32/66) Installing py3-awscrt (0.29.1-r0)
(33/66) Installing py3-certifi (2025.11.12-r0)
(34/66) Installing py3-certifi-pyc (2025.11.12-r0)
(35/66) Installing py3-colorama (0.4.6-r6)
(36/66) Installing py3-colorama-pyc (0.4.6-r6)
(37/66) Installing py3-cparser (2.22-r1)
(38/66) Installing py3-cparser-pyc (2.22-r1)
(39/66) Installing py3-cffi (1.17.1-r1)
(40/66) Installing py3-cffi-pyc (1.17.1-r1)
(41/66) Installing py3-cryptography (46.0.3-r0)
(42/66) Installing py3-cryptography-pyc (46.0.3-r0)
(43/66) Installing py3-six (1.17.0-r0)
(44/66) Installing py3-six-pyc (1.17.0-r0)
(45/66) Installing py3-dateutil (2.9.0-r2)
(46/66) Installing py3-dateutil-pyc (2.9.0-r2)
(47/66) Installing py3-distro (1.9.0-r2)
(48/66) Installing py3-distro-pyc (1.9.0-r2)
(49/66) Installing py3-docutils (0.21.2-r1)
(50/66) Installing py3-docutils-pyc (0.21.2-r1)
(51/66) Installing py3-jmespath (1.0.1-r4)
(52/66) Installing py3-jmespath-pyc (1.0.1-r4)
(53/66) Installing py3-wcwidth (0.2.13-r1)
(54/66) Installing py3-wcwidth-pyc (0.2.13-r1)
(55/66) Installing py3-prompt_toolkit (3.0.51-r0)
(56/66) Installing py3-prompt_toolkit-pyc (3.0.51-r0)
(57/66) Installing py3-ruamel.yaml.clib (0.2.8-r2)
(58/66) Installing py3-ruamel.yaml (0.18.16-r0)
(59/66) Installing py3-ruamel.yaml-pyc (0.18.16-r0)
(60/66) Installing py3-urllib3 (2.5.0-r0)
(61/66) Installing py3-urllib3-pyc (2.5.0-r0)
(62/66) Installing py3-zipp (3.23.0-r0)
(63/66) Installing py3-zipp-pyc (3.23.0-r0)
(64/66) Installing aws-cli (2.32.7-r0)
(65/66) Installing oniguruma (6.9.10-r0)
(66/66) Installing jq (1.8.1-r0)
Executing busybox-1.37.0-r30.trigger
OK: 188.2 MiB in 82 packages
[32;1m$ # Настройка AWS CLI для Yandex S3 # collapsed multi-line command[0;m
[32;1m$ echo "==================================================" # collapsed multi-line command[0;m
==================================================
=== LXC CONTAINERS INFO ===
==================================================

SSH-ключ для подключения к LXC-контейнерам:
  task_1_terraform_module/vm_access_key

=== LXC_IPS_START ===

--- Environment: dev-1 ---
  LXC_IP: 192.168.122.200

--- Environment: dev-2 ---
  LXC_IP: 192.168.122.210
  LXC_IP: 192.168.122.211

=== LXC_IPS_END ===

==================================================
=== SSH CONNECTION INSTRUCTIONS ===
==================================================

Для подключения к LXC-контейнерам используйте команду:

  ssh -i task_1_terraform_module/vm_access_key root@<LXC_IP>

Например:
  ssh -i task_1_terraform_module/vm_access_key root@10.10.10.100

Примечание: SSH-ключ должен иметь права 600:
  chmod 600 task_1_terraform_module/vm_access_key

section_end:1766354809:step_script
[0Ksection_start:1766354809:cleanup_file_variables
[0K[0K[36;1mCleaning up project directory and file based variables[0;m[0;m
section_end:1766354809:cleanup_file_variables
[0K[32;1mJob succeeded[0;m