/home/felix/Projects/yandex_swa_pro/architecture-future_2_0/task_2_stage_saved_in_s3/init-gitlab.sh
[INFO] Ожидание запуска GitLab...
  Попытка 1/120...
  Попытка 2/120...
  Попытка 3/120...
  Попытка 4/120...
  Попытка 5/120...
  Попытка 6/120...
  Попытка 7/120...
  Попытка 8/120...
  Попытка 9/120...
  Попытка 10/120...
  Попытка 11/120...
  Попытка 12/120...
  Попытка 13/120...
  Попытка 14/120...
  Попытка 15/120...
  Попытка 16/120...
  Попытка 17/120...
  Попытка 18/120...
  Попытка 19/120...
  Попытка 20/120...
  Попытка 21/120...
  Попытка 22/120...
  Попытка 23/120...
  Попытка 24/120...
  Попытка 25/120...
  Попытка 26/120...
  Попытка 27/120...
  Попытка 28/120...
[INFO] ✓ GitLab готов к работе (попытка 29)
[INFO] Создание проекта под пользователем root...
Using user: root
Project created: root/architecture-future_2_0
GITHUB_TOKEN set
PROXMOX_PASSWORD set
YC_ACCESS_KEY_ID set
YC_SECRET_ACCESS_KEY set
YC_S3_BUCKET set
YC_S3_ENDPOINT set
[INFO] Создание Personal Access Token для push...
[INFO] ✓ Токен создан: glpat-ISZjcU0SV...
[INFO] ✓ Токен сохранён в .gitlab_token
[INFO] Настройка remote и push кода в GitLab...
[INFO] ✓ Remote 'gitlab' обновлён
[INFO] ✓ Git credentials настроены для автоматической аутентификации
[INFO] Push веток в GitLab...
[INFO] ✓ Ветка main запушена
[INFO] ✓ Ветка terraform запушена
[INFO] Регистрация GitLab Runner...
[INFO] Найдено runner'ов в конфиге: 0
[INFO] Runner не зарегистрирован, регистрируем...
[INFO] Runner token: Mtsi-RJo3D...
[INFO] Выполняем регистрацию runner...
[INFO] ✓ Runner зарегистрирован
Runtime platform                                    arch=amd64 os=linux pid=28 revision=df85dadf version=18.6.6
Running in system-mode.

WARNING: Support for registration tokens and runner parameters in the 'register' command has been deprecated in GitLab Runner 15.6 and will be replaced with support for authentication tokens. For more information, see https://docs.gitlab.com/ci/runners/new_creation_workflow/
Registering runner... succeeded                     correlation_id=01KD1EP7ZT7HFHWRS9DSDWN0TG runner=Mtsi-RJo3
[INFO] Перезапуск gitlab-runner...
gitlab-runner
[INFO] ✓ Runner перезапущен
[INFO] Проверка статуса runner...
Runtime platform                                    arch=amd64 os=linux pid=24 revision=df85dadf version=18.6.6
Listing configured runners                          ConfigFile=/etc/gitlab-runner/config.toml
terraform-runner                                    Executor=docker Token=glrtr-WxDbbuFJWKtQ2DHG4pPS URL=http://localhost:8929
[INFO] ✓ Runner активен
[INFO] ✓ Инициализация завершена
[INFO]
[INFO] Данные для входа в GitLab Web UI:
[INFO]   URL: http://localhost:8929
[INFO]   User: root
[INFO]   Password:
[INFO]
[INFO] Для git push используйте:
[INFO]   git push gitlab terraform
[INFO]   (credentials настроены автоматически)
[INFO]
[INFO] Или с токеном вручную:
[INFO]   Username: root
[INFO]   Password: glpat-ISZjcU0SVzVL6qctNrQJ8286MQp1OjEH.01.0w0497k7a
[INFO]
[INFO] Теперь можно запустить pipeline:
[INFO]   ./test_pipeline.sh

Process finished with exit code 0
